Hewlett-Packard_HP_LaserJet_P2015_Series_ois-malysheva-5 i.vdovkin         1024   Вт 17 мар 2026 16:28:54
HP-LaserJet-p2015-Printer_OIS-Malysheva-6 i.vdovkin         1024   Вт 17 мар 2026 16:30:11
HP-LaserJet-p2015-Printer_OIS-Malysheva-7 i.vdovkin         1024   Вт 17 мар 2026 16:32:26
Generic-IPP-Everywhere-8 i.vdovkin         1024   Вт 17 мар 2026 16:51:57
Generic-IPP-Everywhere-9 i.vdovkin         1024   Вт 17 мар 2026 16:53:15
Generic-IPP-Everywhere-10 i.vdovkin         1024   Вт 17 мар 2026 16:53:24
Generic-IPP-Everywhere-11 i.vdovkin         1024   Вт 17 мар 2026 16:53:35
Generic-IPP-Everywhere-2-12 i.vdovkin         1024   Вт 17 мар 2026 16:55:13
Generic-IPP-Everywhere-2-13 i.vdovkin         1024   Вт 17 мар 2026 16:55:29
HP-HP-LaserJet-MFP-M227-M231-14 i.vdovkin         1024   Чт 02 апр 2026 10:00:04
HP-HP-LaserJet-MFP-M227-M231-15 i.vdovkin         1024   Чт 02 апр 2026 10:08:59
HP-LaserJet-p2015-Printer_OIS-Malysheva-16 i.vdovkin         1024   Чт 02 апр 2026 10:18:21
HP-HP-LaserJet-MFP-M227-M231-17 i.vdovkin         1024   Чт 02 апр 2026 10:18:53
HP-HP-Color-LaserJet-Pro-M478f-9f-19 i.vdovkin         1024   Чт 02 апр 2026 15:37:41
HP-HP-Color-LaserJet-Pro-M478f-9f-20 i.vdovkin         1024   Чт 02 апр 2026 15:52:21
HP-HP-Color-LaserJet-Pro-M478f-9f-21 i.vdovkin         1024   Чт 02 апр 2026 16:10:22
HP-LaserJet-p2015-Printer_OIS-Malysheva-22 i.vdovkin       413696   Вт 07 апр 2026 17:43:50
Hewlett-Packard_HP_LaserJet_P2015_Series_ois-malysheva-23 i.vdovkin       413696   Вт 07 апр 2026 17:44:30
Generic-IPP-Everywhere-3-24 i.vdovkin         1024   Чт 23 апр 2026 13:35:03
Kyocera-Kyocera-ECOSYS-M2035dn-(KPDL)-25 i.vdovkin         1024   Вт 12 мая 2026 10:27:37
Generic-IPP-Everywhere-4-26 i.vdovkin         1024   Вт 12 мая 2026 10:28:35
Generic-IPP-Everywhere-4-27 i.vdovkin         1024   Вт 12 мая 2026 10:30:23
Generic-IPP-Everywhere-4-28 i.vdovkin         1024   Вт 12 мая 2026 10:31:15
Generic-IPP-Everywhere-4-29 i.vdovkin         1024   Чт 14 мая 2026 09:44:34
Hewlett-Packard_HP_LaserJet_P2015_Series_ois-malysheva-30 i.vdovkin       440320   Пт 15 мая 2026 09:44:56
HP-LaserJet-p2015-Printer_OIS-Malysheva-31 i.vdovkin       440320   Пт 15 мая 2026 09:45:42
Generic-IPP-Everywhere-32 i.vdovkin       649216   Пт 15 мая 2026 16:32:22
Generic-IPP-Everywhere-33 i.vdovkin         1024   Пт 15 мая 2026 16:34:00
HP-LaserJet-p2015-Printer_OIS-Malysheva-34 i.vdovkin       640000   Пт 15 мая 2026 16:36:16
Generic-IPP-Everywhere-35 i.vdovkin       640000   Пт 15 мая 2026 16:36:33
Malysheva-HP-LaserJet-p2015-Printer-36 i.vdovkin        37888   Пт 15 мая 2026 16:38:11
